build/app/outputs/mapping/release/seeds.txt
com.example.example.MainActivity: MainActivity()
com.example.example.MainActivity
...
io.flutter.plugins.GeneratedPluginRegistrant
androidx.recyclerview.widget.RecyclerView: boolean getPreserveFocusAfterLayout()
io.flutter.view.FlutterCallbackInformation: io.flutter.view.FlutterCallbackInformation lookupCallbackInformation(long)
io.flutter.embedding.engine.FlutterJNI: void ensureRunningOnMainThread()
io.flutter.embedding.engine.FlutterJNI: io.flutter.embedding.engine.dart.PlatformMessageHandler platformMessageHandler
androidx.media2.session.MediaController$PlaybackInfo: MediaController$PlaybackInfo()
androidx.media2.session.PercentageRating
androidx.room.RoomDatabase$JournalMode: androidx.room.RoomDatabase$JournalMode[] values()
kotlinx.coroutines.ChildHandleNode
com.google.android.exoplayer2.ui.SubtitleView: void setStyle(com.google.android.exoplayer2.ui.CaptionStyleCompat)
io.flutter.plugin.platform.SingleViewPresentation: io.flutter.plugin.platform.SingleViewPresentation$PresentationState state
androidx.media2.session.MediaLibraryService$LibraryParams: MediaLibraryService$LibraryParams()
org.chromium.support_lib_boundary.WebMessagePortBoundaryInterface: void setWebMessageCallback(java.lang.reflect.InvocationHandler,android.os.Handler)
org.chromium.support_lib_boundary.SafeBrowsingResponseBoundaryInterface: void showInterstitial(boolean)
androidx.work.impl.background.systemalarm.ConstraintProxy$BatteryChargingProxy
kotlin.coroutines.AbstractCoroutineContextElement: kotlin.coroutines.CoroutineContext$Key getKey()
kotlinx.coroutines.scheduling.CoroutineScheduler
org.chromium.support_lib_boundary.ServiceWorkerWebSettingsBoundaryInterface
androidx.recyclerview.widget.RecyclerView: void setRecycledViewPool(androidx.recyclerview.widget.RecyclerView$RecycledViewPool)
kotlinx.coroutines.AbstractCoroutine
org.chromium.support_lib_boundary.WebResourceErrorBoundaryInterface: int getErrorCode()
androidx.work.ArrayCreatingInputMerger: ArrayCreatingInputMerger()
io.flutter.plugin.editing.ImeSyncDeferringInsetsCallback: boolean access$302(io.flutter.plugin.editing.ImeSyncDeferringInsetsCallback,boolean)
com.google.android.exoplayer2.video.spherical.SphericalGLSurfaceView: android.view.Surface getVideoSurface()
androidx.recyclerview.widget.RecyclerView: boolean isLayoutSuppressed()
androidx.work.impl.background.systemalarm.ConstraintProxy$StorageNotLowProxy
androidx.media.AudioAttributesImplBase
io.flutter.embedding.engine.systemchannels.TextInputChannel$TextInputType: io.flutter.embedding.engine.systemchannels.TextInputChannel$TextInputType[] values()
io.flutter.view.AccessibilityViewEmbedder: void copyAccessibilityFields(android.view.accessibility.AccessibilityNodeInfo,android.view.accessibility.AccessibilityNodeInfo)
androidx.recyclerview.widget.StaggeredGridLayoutManager: StaggeredGridLayoutManager(android.content.Context,android.util.AttributeSet,int,int)
androidx.media2.common.SubtitleDataParcelizer: SubtitleDataParcelizer()
io.flutter.embedding.engine.FlutterJNI: void nativeNotifyLowMemoryWarning(long)
androidx.media2.common.SubtitleData
io.flutter.embedding.engine.FlutterJNI: java.lang.String getObservatoryUri()
kotlin.coroutines.intrinsics.CoroutineSingletons: kotlin.coroutines.intrinsics.CoroutineSingletons[] values()
io.flutter.embedding.engine.FlutterJNI: void removeEngineLifecycleListener(io.flutter.embedding.engine.FlutterEngine$EngineLifecycleListener)
io.flutter.embedding.engine.systemchannels.PlatformChannel$HapticFeedbackType: io.flutter.embedding.engine.systemchannels.PlatformChannel$HapticFeedbackType valueOf(java.lang.String)
androidx.media2.common.TrackInfoParcelizer: TrackInfoParcelizer()
androidx.work.impl.utils.futures.AbstractFuture: androidx.work.impl.utils.futures.AbstractFuture$Waiter waiters
androidx.lifecycle.Lifecycle$Event: androidx.lifecycle.Lifecycle$Event valueOf(java.lang.String)
io.flutter.embedding.engine.FlutterJNI: void nativeDispatchEmptyPlatformMessage(long,java.lang.String,int)