build/app/outputs/mapping/release/mapping.txt
# compiler: R8
# compiler_version: 2.1.62
# min_api: 21
# pg_map_id: 8282ff5
# common_typos_disable
...
kotlinx.coroutines.DispatchedCoroutine -> kotlinx.coroutines.l0:
    java.util.concurrent.atomic.AtomicIntegerFieldUpdater _decision$FU -> h
    void afterCompletion(java.lang.Object) -> n
    void afterResume(java.lang.Object) -> r0
    boolean tryResume() -> v0
kotlinx.coroutines.DispatchedTask -> kotlinx.coroutines.m0:
    int resumeMode -> g
    void cancelCompletedResult$kotlinx_coroutines_core(java.lang.Object,java.lang.Throwable) -> a
    kotlin.coroutines.Continuation getDelegate$kotlinx_coroutines_core() -> c
    java.lang.Throwable getExceptionalResult$kotlinx_coroutines_core(java.lang.Object) -> d
    java.lang.Object getSuccessfulResult$kotlinx_coroutines_core(java.lang.Object) -> e
    void handleFatalException(java.lang.Throwable,java.lang.Throwable) -> g
    java.lang.Object takeState$kotlinx_coroutines_core() -> h
kotlinx.coroutines.DispatchedTaskKt -> kotlinx.coroutines.n0:
    void dispatch(kotlinx.coroutines.DispatchedTask,int) -> a
    boolean isCancellableMode(int) -> b
    void resume(kotlinx.coroutines.DispatchedTask,kotlin.coroutines.Continuation,boolean) -> c
    void resumeUnconfined(kotlinx.coroutines.DispatchedTask) -> d
kotlinx.coroutines.Dispatchers -> kotlinx.coroutines.o0:
    kotlinx.coroutines.Dispatchers INSTANCE -> a
    kotlinx.coroutines.CoroutineDispatcher Default -> b
    kotlinx.coroutines.CoroutineDispatcher getDefault() -> a
    kotlinx.coroutines.MainCoroutineDispatcher getMain() -> b
kotlinx.coroutines.DisposableHandle -> kotlinx.coroutines.p0:
    void dispose() -> b
kotlinx.coroutines.Empty -> kotlinx.coroutines.q0:
    boolean isActive -> e
    boolean isActive() -> a
    kotlinx.coroutines.NodeList getList() -> h
kotlinx.coroutines.EventLoop -> kotlinx.coroutines.r0:
    long useCount -> f
    boolean shared -> g
    kotlinx.coroutines.internal.ArrayQueue unconfinedQueue -> h
    void decrementUseCount(boolean) -> K
    long delta(boolean) -> L
    void dispatchUnconfined(kotlinx.coroutines.DispatchedTask) -> M
    long getNextTime() -> N
    void incrementUseCount(boolean) -> O
    void incrementUseCount$default(kotlinx.coroutines.EventLoop,boolean,int,java.lang.Object) -> P
    boolean isUnconfinedLoopActive() -> Q
    boolean isUnconfinedQueueEmpty() -> R
    boolean processUnconfinedEvent() -> S
    void shutdown() -> T
kotlinx.coroutines.EventLoopImplBase -> kotlinx.coroutines.s0:
    java.util.concurrent.atomic.AtomicReferenceFieldUpdater _delayed$FU -> j
    java.util.concurrent.atomic.AtomicReferenceFieldUpdater _queue$FU -> i
    void dispatch(kotlin.coroutines.CoroutineContext,java.lang.Runnable) -> I
    long getNextTime() -> N
    void shutdown() -> T
    boolean access$isCompleted(kotlinx.coroutines.EventLoopImplBase) -> X
    void closeQueue() -> Y
    java.lang.Runnable dequeue() -> Z
    void enqueue(java.lang.Runnable) -> a0
    boolean enqueueImpl(java.lang.Runnable) -> b0
    boolean isCompleted() -> c0
    boolean isEmpty() -> d0
    long processNextEvent() -> e0
    void rescheduleAllDelayed() -> f0
    void resetAll() -> g0
    void schedule(long,kotlinx.coroutines.EventLoopImplBase$DelayedTask) -> h0
    int scheduleImpl(long,kotlinx.coroutines.EventLoopImplBase$DelayedTask) -> i0
    void setCompleted(boolean) -> j0
    boolean shouldUnpark(kotlinx.coroutines.EventLoopImplBase$DelayedTask) -> k0
kotlinx.coroutines.EventLoopImplBase$DelayedTask -> kotlinx.coroutines.s0$a:
    java.lang.Object _heap -> f
    long nanoTime -> e
    int index -> g
    void setHeap(kotlinx.coroutines.internal.ThreadSafeHeap) -> a
    void dispose() -> b
    int getIndex() -> c
    kotlinx.coroutines.internal.ThreadSafeHeap getHeap() -> d
    void setIndex(int) -> e
    int compareTo(kotlinx.coroutines.EventLoopImplBase$DelayedTask) -> g
    int scheduleTask(long,kotlinx.coroutines.EventLoopImplBase$DelayedTaskQueue,kotlinx.coroutines.EventLoopImplBase) -> h
    boolean timeToExecute(long) -> i