build/app/outputs/mapping/release/usage.txt
com.example.example.BuildConfig
com.example.example.R$string
com.example.example.R$attr
com.example.example.R$dimen
com.example.example.R$mipmap
com.example.example.R
com.example.example.R$array
com.example.example.R$font
com.example.example.R$integer
com.example.example.R$style
com.example.example.R$drawable
com.example.example.R$plurals
com.example.example.R$layout
com.example.example.R$color
com.example.example.R$id
com.example.example.R$bool
com.example.example.R$styleable
...
androidx.core.view.WindowInsetsControllerCompat$Impl20:
    private void showForType(int)
    private void hideForType(int)
    void show(int)
    void hide(int)
    void controlWindowInsetsAnimation(int,long,android.view.animation.Interpolator,android.os.CancellationSignal,androidx.core.view.WindowInsetsAnimationControlListenerCompat)
    void setSystemBarsBehavior(int)
    int getSystemBarsBehavior()
    void addOnControllableInsetsChangedListener(androidx.core.view.WindowInsetsControllerCompat$OnControllableInsetsChangedListener)
    void removeOnControllableInsetsChangedListener(androidx.core.view.WindowInsetsControllerCompat$OnControllableInsetsChangedListener)
androidx.media2.session.MediaControllerImplBase$16
com.google.android.exoplayer2.C$AudioFlags
com.google.android.exoplayer2.trackselection.TrackSelectionUtil:
    private void <init>()
    public static com.google.android.exoplayer2.trackselection.ExoTrackSelection[] createTrackSelectionsForDefinitions(com.google.android.exoplayer2.trackselection.ExoTrackSelection$Definition[],com.google.android.exoplayer2.trackselection.TrackSelectionUtil$AdaptiveTrackSelectionFactory)
    public static com.google.android.exoplayer2.trackselection.DefaultTrackSelector$Parameters updateParametersWithOverride(com.google.android.exoplayer2.trackselection.DefaultTrackSelector$Parameters,int,com.google.android.exoplayer2.source.TrackGroupArray,boolean,com.google.android.exoplayer2.trackselection.DefaultTrackSelector$SelectionOverride)
    public static boolean hasTrackOfType(com.google.android.exoplayer2.trackselection.TrackSelectionArray,int)
android.support.v4.media.MediaBrowserCompat$SubscriptionCallback:
    void setSubscription(android.support.v4.media.MediaBrowserCompat$Subscription)
kotlinx.coroutines.flow.FlowKt__ZipKt$combineTransform$$inlined$combineTransformUnsafe$FlowKt__ZipKt$2$1
com.google.android.exoplayer2.source.ads.ServerSideInsertedAdsMediaSource$SampleStreamImpl
kotlinx.coroutines.channels.ProduceKt$awaitClose$1
androidx.webkit.WebViewClientCompat:
    public boolean shouldOverrideUrlLoading(android.webkit.WebView,android.webkit.WebResourceRequest)
androidx.core.view.ViewCompat$2:
    void frameworkSet(android.view.View,java.lang.Boolean)
    boolean shouldUpdate(java.lang.Boolean,java.lang.Boolean)
    synthetic bridge void frameworkSet(android.view.View,java.lang.Object)
    synthetic bridge boolean shouldUpdate(java.lang.Object,java.lang.Object)
androidx.core.graphics.drawable.ColorDrawableKt
com.google.android.exoplayer2.ui.AdViewProvider
kotlinx.coroutines.flow.SharingCommand
kotlinx.coroutines.flow.FlowKt__ZipKt$combineTransform$6$2
com.google.common.collect.MultimapBuilder$4
io.flutter.embedding.engine.deferredcomponents.PlayStoreDeferredComponentManager$FeatureInstallStateUpdatedListener
androidx.loader.content.ModernAsyncTask$AsyncTaskResult
com.google.common.util.concurrent.WrappingExecutorService$1
kotlin.collections.AbstractMap$keys$1$iterator$1
kotlin.jvm.internal.BooleanCompanionObject
androidx.core.view.OnReceiveContentListener
kotlinx.coroutines.flow.FlowKt__TransformKt$filterIsInstance$$inlined$filter$1$2$1
kotlinx.coroutines.channels.ProduceKt$awaitClose$4$1
com.google.common.collect.Synchronized$SynchronizedQueue
com.google.android.exoplayer2.source.LoopingMediaSource
kotlinx.coroutines.channels.BroadcastChannel$DefaultImpls
kotlinx.coroutines.flow.FlowKt__LimitKt$transformWhile$1
com.google.android.exoplayer2.extractor.mkv.VarintReader:
    private static final int STATE_BEGIN_READING
    private static final int STATE_READ_CONTENTS
kotlin.sequences.SequencesKt__SequencesKt$generateSequence$2
com.google.common.reflect.TypeToken$TypeFilter
androidx.core.graphics.drawable.IconKt
androidx.media2.session.MediaSessionImplBase$50
androidx.media2.session.R$dimen
androidx.fragment.app.FragmentTransaction$Op